Warning: $HADOOP_HOME is deprecated.

13/06/26 02:55:45 INFO terasort.TeraSort: starting
org.apache.hadoop.mapred.InvalidInputException: Input path does not exist: hdfs://master:54312/data/input
	at org.apache.hadoop.mapred.FileInputFormat.listStatus(FileInputFormat.java:197)
	at org.apache.hadoop.mapred.FileInputFormat.getSplits(FileInputFormat.java:208)
	at org.apache.hadoop.examples.terasort.TeraInputFormat.getSplits(TeraInputFormat.java:209)
	at org.apache.hadoop.examples.terasort.TeraInputFormat.writePartitionFile(TeraInputFormat.java:116)
	at org.apache.hadoop.examples.terasort.TeraSort.run(TeraSort.java:243)
	at org.apache.hadoop.util.ToolRunner.run(ToolRunner.java:65)
	at org.apache.hadoop.examples.terasort.TeraSort.main(TeraSort.java:257)
	at sun.reflect.NativeMethodAccessorImpl.invoke0(Native Method)
	at sun.reflect.NativeMethodAccessorImpl.invoke(NativeMethodAccessorImpl.java:57)
	at sun.reflect.DelegatingMethodAccessorImpl.invoke(DelegatingMethodAccessorImpl.java:43)
	at java.lang.reflect.Method.invoke(Method.java:616)
	at org.apache.hadoop.util.ProgramDriver$ProgramDescription.invoke(ProgramDriver.java:68)
	at org.apache.hadoop.util.ProgramDriver.driver(ProgramDriver.java:139)
	at org.apache.hadoop.examples.ExampleDriver.main(ExampleDriver.java:64)
	at sun.reflect.NativeMethodAccessorImpl.invoke0(Native Method)
	at sun.reflect.NativeMethodAccessorImpl.invoke(NativeMethodAccessorImpl.java:57)
	at sun.reflect.DelegatingMethodAccessorImpl.invoke(DelegatingMethodAccessorImpl.java:43)
	at java.lang.reflect.Method.invoke(Method.java:616)
	at org.apache.hadoop.util.RunJar.main(RunJar.java:156)
